<?xml version="1.0" encoding="UTF-8" standalone="no"?>
<!DOCTYPE log SYSTEM "logger.dtd">
<log>
<record>
  <date>2019-03-18T12:37:02</date>
  <millis>1552937822519</millis>
  <sequence>0</sequence>
  <level>START</level>
  <class>com.kms.katalon.core.logging.XmlKeywordLogger</class>
  <method>startSuite</method>
  <thread>1</thread>
  <message>Start Test Suite : Test Suites/API-Driven/Compass/VerifyOrderStatus</message>
  <nestedLevel>0</nestedLevel>
  <property name="name">VerifyOrderStatus</property>
  <property name="description"></property>
  <property name="id">Test Suites/API-Driven/Compass/VerifyOrderStatus</property>
</record>
<record>
  <date>2019-03-18T12:37:02</date>
  <millis>1552937822540</millis>
  <sequence>1</sequence>
  <level>RUN_DATA</level>
  <class>com.kms.katalon.core.logging.XmlKeywordLogger</class>
  <method>logMessage</method>
  <thread>1</thread>
  <message>hostName = T916347 - L077273.corp.ads</message>
  <nestedLevel>0</nestedLevel>
  <property name="hostName">T916347 - L077273.corp.ads</property>
</record>
<record>
  <date>2019-03-18T12:37:02</date>
  <millis>1552937822542</millis>
  <sequence>2</sequence>
  <level>RUN_DATA</level>
  <class>com.kms.katalon.core.logging.XmlKeywordLogger</class>
  <method>logMessage</method>
  <thread>1</thread>
  <message>os = Windows 7 64bit</message>
  <nestedLevel>0</nestedLevel>
  <property name="os">Windows 7 64bit</property>
</record>
<record>
  <date>2019-03-18T12:37:02</date>
  <millis>1552937822543</millis>
  <sequence>3</sequence>
  <level>RUN_DATA</level>
  <class>com.kms.katalon.core.logging.XmlKeywordLogger</class>
  <method>logMessage</method>
  <thread>1</thread>
  <message>hostAddress = 142.174.180.82</message>
  <nestedLevel>0</nestedLevel>
  <property name="hostAddress">142.174.180.82</property>
</record>
<record>
  <date>2019-03-18T12:37:02</date>
  <millis>1552937822545</millis>
  <sequence>4</sequence>
  <level>RUN_DATA</level>
  <class>com.kms.katalon.core.logging.XmlKeywordLogger</class>
  <method>logMessage</method>
  <thread>1</thread>
  <message>katalonVersion = 6.0.6.4</message>
  <nestedLevel>0</nestedLevel>
  <property name="katalonVersion">6.0.6.4</property>
</record>
<record>
  <date>2019-03-18T12:37:03</date>
  <millis>1552937823047</millis>
  <sequence>5</sequence>
  <level>START</level>
  <class>com.kms.katalon.core.logging.XmlKeywordLogger</class>
  <method>startTest</method>
  <thread>1</thread>
  <message>Start Test Case : Test Cases/APIDrivenTests/Compass/TestGetMilestones</message>
  <nestedLevel>1</nestedLevel>
  <property name="name">Test Cases/APIDrivenTests/Compass/TestGetMilestones</property>
  <property name="description"></property>
  <property name="id">Test Cases/APIDrivenTests/Compass/TestGetMilestones</property>
  <property name="source">C:\\Users\\T916347\\git\\DevopsPOC\\Test Cases\\APIDrivenTests\\Compass\\TestGetMilestones.tc</property>
  <property name="isOptional">false</property>
</record>
<record>
  <date>2019-03-18T12:37:03</date>
  <millis>1552937823734</millis>
  <sequence>7</sequence>
  <level>START</level>
  <class>com.kms.katalon.core.logging.XmlKeywordLogger</class>
  <method>startKeyword</method>
  <thread>1</thread>
  <message>Start action : response = sendRequestAndVerify(findTestObject(\&amp;quot;Compass-EndPoint/GetOrderMilestones\&amp;quot;, [\&amp;quot;IS05Compass\&amp;quot;:\&amp;quot;flcncapp-is05asf.tsl.telus.com\&amp;quot;]))</message>
  <nestedLevel>1</nestedLevel>
  <property name="startLine">16</property>
  <property name="stepIndex">1</property>
</record>
<record>
  <date>2019-03-18T12:37:07</date>
  <millis>1552937827419</millis>
  <sequence>12</sequence>
  <level>START</level>
  <class>com.kms.katalon.core.logging.XmlKeywordLogger</class>
  <method>startTest</method>
  <thread>1</thread>
  <message>Start Test Case : Verification</message>
  <nestedLevel>2</nestedLevel>
</record>
<record>
  <date>2019-03-18T12:37:07</date>
  <millis>1552937827626</millis>
  <sequence>13</sequence>
  <level>START</level>
  <class>com.kms.katalon.core.logging.XmlKeywordLogger</class>
  <method>startKeyword</method>
  <thread>1</thread>
  <message>Start action : request = getInstance().getCurrentRequest()</message>
  <nestedLevel>1</nestedLevel>
  <property name="startLine">11</property>
  <property name="stepIndex">1</property>
</record>
<record>
  <date>2019-03-18T12:37:07</date>
  <millis>1552937827695</millis>
  <sequence>14</sequence>
  <level>END</level>
  <class>com.kms.katalon.core.logging.XmlKeywordLogger</class>
  <method>endKeyword</method>
  <thread>1</thread>
  <message>End action : request = getInstance().getCurrentRequest()</message>
  <nestedLevel>1</nestedLevel>
</record>
<record>
  <date>2019-03-18T12:37:07</date>
  <millis>1552937827696</millis>
  <sequence>15</sequence>
  <level>START</level>
  <class>com.kms.katalon.core.logging.XmlKeywordLogger</class>
  <method>startKeyword</method>
  <thread>1</thread>
  <message>Start action : response = getInstance().getCurrentResponse()</message>
  <nestedLevel>1</nestedLevel>
  <property name="startLine">13</property>
  <property name="stepIndex">2</property>
</record>
<record>
  <date>2019-03-18T12:37:07</date>
  <millis>1552937827699</millis>
  <sequence>16</sequence>
  <level>END</level>
  <class>com.kms.katalon.core.logging.XmlKeywordLogger</class>
  <method>endKeyword</method>
  <thread>1</thread>
  <message>End action : response = getInstance().getCurrentResponse()</message>
  <nestedLevel>1</nestedLevel>
</record>
<record>
  <date>2019-03-18T12:37:07</date>
  <millis>1552937827699</millis>
  <sequence>17</sequence>
  <level>PASSED</level>
  <class>com.kms.katalon.core.logging.XmlKeywordLogger</class>
  <method>logMessage</method>
  <thread>1</thread>
  <message>Verification accomplished successfully</message>
  <nestedLevel>2</nestedLevel>
</record>
<record>
  <date>2019-03-18T12:37:07</date>
  <millis>1552937827700</millis>
  <sequence>18</sequence>
  <level>END</level>
  <class>com.kms.katalon.core.logging.XmlKeywordLogger</class>
  <method>endTest</method>
  <thread>1</thread>
  <message>End Test Case : Verification</message>
  <nestedLevel>1</nestedLevel>
</record>
<record>
  <date>2019-03-18T12:37:07</date>
  <millis>1552937827708</millis>
  <sequence>19</sequence>
  <level>PASSED</level>
  <class>com.kms.katalon.core.logging.XmlKeywordLogger</class>
  <method>logMessage</method>
  <thread>1</thread>
  <message>Verify response successfully</message>
  <nestedLevel>1</nestedLevel>
</record>
<record>
  <date>2019-03-18T12:37:07</date>
  <millis>1552937827708</millis>
  <sequence>20</sequence>
  <level>PASSED</level>
  <class>com.kms.katalon.core.logging.XmlKeywordLogger</class>
  <method>logMessage</method>
  <thread>1</thread>
  <message>Send request and verify the response successfully</message>
  <nestedLevel>1</nestedLevel>
</record>
<record>
  <date>2019-03-18T12:37:07</date>
  <millis>1552937827711</millis>
  <sequence>21</sequence>
  <level>END</level>
  <class>com.kms.katalon.core.logging.XmlKeywordLogger</class>
  <method>endKeyword</method>
  <thread>1</thread>
  <message>End action : response = sendRequestAndVerify(findTestObject(\&amp;quot;Compass-EndPoint/GetOrderMilestones\&amp;quot;, [\&amp;quot;IS05Compass\&amp;quot;:\&amp;quot;flcncapp-is05asf.tsl.telus.com\&amp;quot;]))</message>
  <nestedLevel>1</nestedLevel>
</record>
<record>
  <date>2019-03-18T12:37:07</date>
  <millis>1552937827711</millis>
  <sequence>22</sequence>
  <level>PASSED</level>
  <class>com.kms.katalon.core.logging.XmlKeywordLogger</class>
  <method>logMessage</method>
  <thread>1</thread>
  <message>Test Cases/APIDrivenTests/Compass/TestGetMilestones</message>
  <nestedLevel>1</nestedLevel>
</record>
<record>
  <date>2019-03-18T12:37:07</date>
  <millis>1552937827712</millis>
  <sequence>23</sequence>
  <level>END</level>
  <class>com.kms.katalon.core.logging.XmlKeywordLogger</class>
  <method>endTest</method>
  <thread>1</thread>
  <message>End Test Case : Test Cases/APIDrivenTests/Compass/TestGetMilestones</message>
  <nestedLevel>0</nestedLevel>
</record>
<record>
  <date>2019-03-18T12:37:07</date>
  <millis>1552937827935</millis>
  <sequence>24</sequence>
  <level>END</level>
  <class>com.kms.katalon.core.logging.XmlKeywordLogger</class>
  <method>endSuite</method>
  <thread>1</thread>
  <message>End Test Suite : Test Suites/API-Driven/Compass/VerifyOrderStatus</message>
  <nestedLevel>0</nestedLevel>
</record>
</log>